2016-03-29 17:36:33,118 INFO  [main] xml.XmlBeanDefinitionReader (XmlBeanDefinitionReader.java:317) - Loading XML bean definitions from class path resource [spring-services-context.xml]
2016-03-29 17:36:34,069 INFO  [main] xml.XmlBeanDefinitionReader (XmlBeanDefinitionReader.java:317) - Loading XML bean definitions from class path resource [spring-db-context.xml]
2016-03-29 17:36:35,825 INFO  [main] support.AbstractApplicationContext (AbstractApplicationContext.java:578) - Refreshing org.springframework.context.support.GenericApplicationContext@7c0c77c7: startup date [Tue Mar 29 17:36:35 MSK 2016]; root of context hierarchy
2016-03-29 17:36:36,195 INFO  [main] support.PropertiesLoaderSupport (PropertiesLoaderSupport.java:172) - Loading properties file from class path resource [db.properties]
2016-03-29 17:36:36,615 INFO  [main] datasource.DriverManagerDataSource (DriverManagerDataSource.java:133) - Loaded JDBC driver: org.postgresql.Driver
2016-03-29 17:36:36,977 INFO  [main] persistenceunit.DefaultPersistenceUnitManager (DefaultPersistenceUnitManager.java:498) - Found explicit default unit with name 'hib-jpa-persistence-unit' in persistence.xml - overriding local default unit settings ('packagesToScan'/'mappingResources')
2016-03-29 17:36:36,979 INFO  [main] jpa.LocalContainerEntityManagerFactoryBean (LocalContainerEntityManagerFactoryBean.java:339) - Building JPA container EntityManagerFactory for persistence unit 'hib-jpa-persistence-unit'
2016-03-29 17:36:37,054 INFO  [main] util.LogHelper (LogHelper.java:46) - HHH000204: Processing PersistenceUnitInfo [
	name: hib-jpa-persistence-unit
	...]
2016-03-29 17:36:37,401 INFO  [main] hibernate.Version (Version.java:54) - HHH000412: Hibernate Core {4.3.5.Final}
2016-03-29 17:36:37,407 INFO  [main] cfg.Environment (Environment.java:239) - HHH000206: hibernate.properties not found
2016-03-29 17:36:37,412 INFO  [main] cfg.Environment (Environment.java:346) - HHH000021: Bytecode provider name : javassist
2016-03-29 17:36:38,330 INFO  [main] java.JavaReflectionManager (JavaReflectionManager.java:66) - HCANN000001: Hibernate Commons Annotations {4.0.4.Final}
2016-03-29 17:36:39,495 INFO  [main] dialect.Dialect (Dialect.java:145) - HHH000400: Using dialect: org.hibernate.dialect.PostgreSQL9Dialect
2016-03-29 17:36:39,532 INFO  [main] internal.LobCreatorBuilder (LobCreatorBuilder.java:123) - HHH000424: Disabling contextual LOB creation as createClob() method threw error : java.lang.reflect.InvocationTargetException
2016-03-29 17:36:40,034 INFO  [main] ast.ASTQueryTranslatorFactory (ASTQueryTranslatorFactory.java:47) - HHH000397: Using ASTQueryTranslatorFactory
2016-03-29 17:36:41,491 INFO  [main] hbm2ddl.SchemaUpdate (SchemaUpdate.java:182) - HHH000228: Running hbm2ddl schema update
2016-03-29 17:36:41,493 INFO  [main] hbm2ddl.SchemaUpdate (SchemaUpdate.java:193) - HHH000102: Fetching database metadata
2016-03-29 17:36:41,508 INFO  [main] hbm2ddl.SchemaUpdate (SchemaUpdate.java:205) - HHH000396: Updating schema
2016-03-29 17:36:41,622 INFO  [main] hbm2ddl.TableMetadata (TableMetadata.java:66) - HHH000261: Table found: public.account
2016-03-29 17:36:41,623 INFO  [main] hbm2ddl.TableMetadata (TableMetadata.java:67) - HHH000037: Columns: [password, jukebox_id, last_name, id, login, first_name, email]
2016-03-29 17:36:41,624 INFO  [main] hbm2ddl.TableMetadata (TableMetadata.java:69) - HHH000108: Foreign keys: [fk_2xjepuw4lk2vk4nyacooumqq7]
2016-03-29 17:36:41,625 INFO  [main] hbm2ddl.TableMetadata (TableMetadata.java:70) - HHH000126: Indexes: [account_email_key, uc_account_email, uc_account_login, account_login_key, account_pkey]
2016-03-29 17:36:41,704 INFO  [main] hbm2ddl.TableMetadata (TableMetadata.java:66) - HHH000261: Table found: public.album
2016-03-29 17:36:41,705 INFO  [main] hbm2ddl.TableMetadata (TableMetadata.java:67) - HHH000037: Columns: [year, name, description, id, band]
2016-03-29 17:36:41,707 INFO  [main] hbm2ddl.TableMetadata (TableMetadata.java:69) - HHH000108: Foreign keys: []
2016-03-29 17:36:41,708 INFO  [main] hbm2ddl.TableMetadata (TableMetadata.java:70) - HHH000126: Indexes: [album_pkey]
2016-03-29 17:36:41,794 INFO  [main] hbm2ddl.TableMetadata (TableMetadata.java:66) - HHH000261: Table found: public.band
2016-03-29 17:36:41,795 INFO  [main] hbm2ddl.TableMetadata (TableMetadata.java:67) - HHH000037: Columns: [year, name, description, id]
2016-03-29 17:36:41,796 INFO  [main] hbm2ddl.TableMetadata (TableMetadata.java:69) - HHH000108: Foreign keys: []
2016-03-29 17:36:41,797 INFO  [main] hbm2ddl.TableMetadata (TableMetadata.java:70) - HHH000126: Indexes: [uc_band_name, band_name_key, band_pkey]
2016-03-29 17:36:41,882 INFO  [main] hbm2ddl.TableMetadata (TableMetadata.java:66) - HHH000261: Table found: public.genre
2016-03-29 17:36:41,883 INFO  [main] hbm2ddl.TableMetadata (TableMetadata.java:67) - HHH000037: Columns: [name, id]
2016-03-29 17:36:41,885 INFO  [main] hbm2ddl.TableMetadata (TableMetadata.java:69) - HHH000108: Foreign keys: []
2016-03-29 17:36:41,886 INFO  [main] hbm2ddl.TableMetadata (TableMetadata.java:70) - HHH000126: Indexes: [genre_pkey]
2016-03-29 17:36:41,959 INFO  [main] hbm2ddl.TableMetadata (TableMetadata.java:66) - HHH000261: Table found: public.jukebox
2016-03-29 17:36:41,960 INFO  [main] hbm2ddl.TableMetadata (TableMetadata.java:67) - HHH000037: Columns: [id]
2016-03-29 17:36:41,962 INFO  [main] hbm2ddl.TableMetadata (TableMetadata.java:69) - HHH000108: Foreign keys: []
2016-03-29 17:36:41,963 INFO  [main] hbm2ddl.TableMetadata (TableMetadata.java:70) - HHH000126: Indexes: [jukebox_pkey]
2016-03-29 17:36:42,041 INFO  [main] hbm2ddl.TableMetadata (TableMetadata.java:66) - HHH000261: Table found: public.member
2016-03-29 17:36:42,043 INFO  [main] hbm2ddl.TableMetadata (TableMetadata.java:67) - HHH000037: Columns: [last_name, id, biography, first_name]
2016-03-29 17:36:42,044 INFO  [main] hbm2ddl.TableMetadata (TableMetadata.java:69) - HHH000108: Foreign keys: []
2016-03-29 17:36:42,045 INFO  [main] hbm2ddl.TableMetadata (TableMetadata.java:70) - HHH000126: Indexes: [member_pkey]
2016-03-29 17:36:42,123 INFO  [main] hbm2ddl.TableMetadata (TableMetadata.java:66) - HHH000261: Table found: public.account_role
2016-03-29 17:36:42,124 INFO  [main] hbm2ddl.TableMetadata (TableMetadata.java:67) - HHH000037: Columns: [account_id, role_id, id]
2016-03-29 17:36:42,125 INFO  [main] hbm2ddl.TableMetadata (TableMetadata.java:69) - HHH000108: Foreign keys: [fk_p2jpuvn8yll7x96rae4hvw3sj, fk_ibmw1g5w37bmuh5fc0db7wn10]
2016-03-29 17:36:42,126 INFO  [main] hbm2ddl.TableMetadata (TableMetadata.java:70) - HHH000126: Indexes: [uk_p2jpuvn8yll7x96rae4hvw3sj, account_role_pkey]
2016-03-29 17:36:42,211 INFO  [main] hbm2ddl.TableMetadata (TableMetadata.java:66) - HHH000261: Table found: public.album_track
2016-03-29 17:36:42,212 INFO  [main] hbm2ddl.TableMetadata (TableMetadata.java:67) - HHH000037: Columns: [track_id, album_id, id]
2016-03-29 17:36:42,213 INFO  [main] hbm2ddl.TableMetadata (TableMetadata.java:69) - HHH000108: Foreign keys: [fk_bmuu3t8fqvby5jf8xrysv5bio, fk_4qou15b6l8bgjw9mu7m7yhvy4]
2016-03-29 17:36:42,214 INFO  [main] hbm2ddl.TableMetadata (TableMetadata.java:70) - HHH000126: Indexes: [uk_bmuu3t8fqvby5jf8xrysv5bio, album_track_pkey]
2016-03-29 17:36:42,329 INFO  [main] hbm2ddl.TableMetadata (TableMetadata.java:66) - HHH000261: Table found: public.band_album
2016-03-29 17:36:42,330 INFO  [main] hbm2ddl.TableMetadata (TableMetadata.java:67) - HHH000037: Columns: [band_id, album_id, id]
2016-03-29 17:36:42,350 INFO  [main] hbm2ddl.TableMetadata (TableMetadata.java:69) - HHH000108: Foreign keys: [fk_oilx9ku8ln9p1u0fqqb1c8ni2, fk_hf4he2vlmsnv5tgqdyvjm5u6j]
2016-03-29 17:36:42,351 INFO  [main] hbm2ddl.TableMetadata (TableMetadata.java:70) - HHH000126: Indexes: [uk_oilx9ku8ln9p1u0fqqb1c8ni2, band_album_pkey]
2016-03-29 17:36:42,435 INFO  [main] hbm2ddl.TableMetadata (TableMetadata.java:66) - HHH000261: Table found: public.band_member
2016-03-29 17:36:42,436 INFO  [main] hbm2ddl.TableMetadata (TableMetadata.java:67) - HHH000037: Columns: [band_id, member_id, id]
2016-03-29 17:36:42,437 INFO  [main] hbm2ddl.TableMetadata (TableMetadata.java:69) - HHH000108: Foreign keys: [fk_1nxs8dx43m4otsew9ci2cjpb4, fk_71jt7b6qtcojpff6kxaqfsft4]
2016-03-29 17:36:42,438 INFO  [main] hbm2ddl.TableMetadata (TableMetadata.java:70) - HHH000126: Indexes: [band_member_pkey, uk_71jt7b6qtcojpff6kxaqfsft4]
2016-03-29 17:36:42,520 INFO  [main] hbm2ddl.TableMetadata (TableMetadata.java:66) - HHH000261: Table found: public.jukebox_track
2016-03-29 17:36:42,521 INFO  [main] hbm2ddl.TableMetadata (TableMetadata.java:67) - HHH000037: Columns: [jukebox_id, track_id, id]
2016-03-29 17:36:42,521 INFO  [main] hbm2ddl.TableMetadata (TableMetadata.java:69) - HHH000108: Foreign keys: [fk_ib8ccflahrxu28nqrglma88os, fk_4tms6i4no24x22eh1bx30uko8]
2016-03-29 17:36:42,522 INFO  [main] hbm2ddl.TableMetadata (TableMetadata.java:70) - HHH000126: Indexes: [jukebox_track_pkey, uk_ib8ccflahrxu28nqrglma88os]
2016-03-29 17:36:42,624 INFO  [main] hbm2ddl.TableMetadata (TableMetadata.java:66) - HHH000261: Table found: public.role
2016-03-29 17:36:42,625 INFO  [main] hbm2ddl.TableMetadata (TableMetadata.java:67) - HHH000037: Columns: [name, id]
2016-03-29 17:36:42,626 INFO  [main] hbm2ddl.TableMetadata (TableMetadata.java:69) - HHH000108: Foreign keys: []
2016-03-29 17:36:42,627 INFO  [main] hbm2ddl.TableMetadata (TableMetadata.java:70) - HHH000126: Indexes: [role_pkey]
2016-03-29 17:36:42,706 INFO  [main] hbm2ddl.TableMetadata (TableMetadata.java:66) - HHH000261: Table found: public.track
2016-03-29 17:36:42,707 INFO  [main] hbm2ddl.TableMetadata (TableMetadata.java:67) - HHH000037: Columns: [duration, album, name, link, id, band, genre_id]
2016-03-29 17:36:42,708 INFO  [main] hbm2ddl.TableMetadata (TableMetadata.java:69) - HHH000108: Foreign keys: [fk_petvs8rc2h0rxq5c2mak1l23k]
2016-03-29 17:36:42,709 INFO  [main] hbm2ddl.TableMetadata (TableMetadata.java:70) - HHH000126: Indexes: [track_pkey]
2016-03-29 17:36:42,714 INFO  [main] hbm2ddl.SchemaUpdate (SchemaUpdate.java:242) - HHH000232: Schema update complete
2016-03-29 17:36:45,109 INFO  [main] common.AbstractGenericService (AbstractGenericService.java:159) - Saving Account{id=null, login='ew66eC8FIeX7PI2iQYD5MW49x', email='PkeWa2OZM3CKIC95Wvz6NilFa', password='KxEokngxat35QlDtZTlumaTjs', firstName='tdJWh33hUwE9yUTt9uZbN1Y4f', lastName='FC3M0Rp5G4XyRadQ0iuvePWWY', roles=null, jukebox='null'} into database
2016-03-29 17:36:45,209 INFO  [main] impl.AccountServiceImpl (AccountServiceImpl.java:36) - Deleting Account entity with login = ew66eC8FIeX7PI2iQYD5MW49x
2016-03-29 17:36:45,597 INFO  [main] common.AbstractGenericService (AbstractGenericService.java:159) - Saving Account{id=null, login='cKgdCiqkhUwlYasN9sUANe1lV', email='E3f8XpAxRtyxEv8uCVdEPrhv4', password='daXToLeptRsQziLhkDPyZx1yW', firstName='gtacEvd6EnpFvqDT2JEBwAakg', lastName='r2gYwMBVKX28BZVcPXbVIXbgp', roles=null, jukebox='null'} into database
2016-03-29 17:36:45,604 INFO  [main] impl.AccountServiceImpl (AccountServiceImpl.java:21) - Finding Account entity with id = 171
2016-03-29 17:36:46,080 INFO  [main] common.AbstractGenericService (AbstractGenericService.java:159) - Saving Account{id=null, login='NBbbiDKJrBXEg9ZfRMrpH65gu', email='JzHEKbCG0kmy0uQmnGUBQrGsB', password='iV2iLokuq7l9CI9A29FCGlsLm', firstName='RrnaIqS8vaZyaAdTZBExZ9qAz', lastName='wq7pVCGGDWQjRFwnej6Q3KN0m', roles=null, jukebox='null'} into database
2016-03-29 17:36:46,084 INFO  [main] impl.AccountServiceImpl (AccountServiceImpl.java:28) - Finding Account entity with login = NBbbiDKJrBXEg9ZfRMrpH65gu
2016-03-29 17:36:46,163 INFO  [main] common.AbstractGenericService (AbstractGenericService.java:148) - Saving Account sequence into database
2016-03-29 17:36:46,179 INFO  [main] common.AbstractGenericService (AbstractGenericService.java:46) - Deleting Account sequence
2016-03-29 17:36:46,268 INFO  [main] common.AbstractGenericService (AbstractGenericService.java:148) - Saving Account sequence into database
2016-03-29 17:36:46,289 INFO  [main] common.AbstractGenericService (AbstractGenericService.java:159) - Saving Account{id=null, login='6W2Vy5Y40m5dcKLi9IVT6IOHc', email='bnjENX8BF2IhwUs0aOtCyxrmp', password='eSLhfRQrq7urbl5fqQ8Dlt6Vu', firstName='7bpWOmV5mVm7ZpeeaqzY5APeo', lastName='RfR7PIDr5nykPQ4re0lHPMZsM', roles=null, jukebox='null'} into database
2016-03-29 17:36:46,293 INFO  [main] common.AbstractGenericService (AbstractGenericService.java:67) - Deleting all Account entities in batch
2016-03-29 17:36:46,396 INFO  [main] common.AbstractGenericService (AbstractGenericService.java:148) - Saving Account sequence into database
2016-03-29 17:36:46,456 INFO  [main] common.AbstractGenericService (AbstractGenericService.java:159) - Saving Account{id=null, login='i6OyvW5DNgmYXT8Z01Kvoeo9k', email='cDkHDngfQzTBW8yKWWI3Q0qlQ', password='VxzMQxabI68QgQOnlDc0jPd4f', firstName='A0srrIX3NlcEjwfKnnbdEf5EF', lastName='hcuFyacaixAADz6nbF4b9xXXE', roles=null, jukebox='null'} into database
2016-03-29 17:36:46,467 INFO  [main] common.AbstractGenericService (AbstractGenericService.java:60) - Deleting all Account entities
2016-03-29 17:36:46,535 INFO  [main] common.AbstractGenericService (AbstractGenericService.java:159) - Saving Account{id=null, login='yPQdNsHwMsF7QMBPrMIbaCutH', email='MKAfWfjRaosjVKUjbUPriJRRv', password='C0Bc1H29DspT1CTB5l9ZwqI87', firstName='1A1ZvfIPD6cmO5X0tgfQ9CWo9', lastName='pElMeC6sNPMChKa8Dt4crO1xG', roles=null, jukebox='null'} into database
2016-03-29 17:36:46,623 INFO  [main] common.AbstractGenericService (AbstractGenericService.java:159) - Saving Account{id=null, login='uv6KYxuXfIxurtXOpLYw3JHpJ', email='yDQRG0NgaNxExLNYd6brrHAbX', password='Dup5iXkTVCx0gz5tL5Tpwni0y', firstName='Slut0FxzJm08wipD8bbRZsPM2', lastName='Kcnf1AfZhHEQy4CHAbdRFDvIU', roles=null, jukebox='null'} into database
2016-03-29 17:36:46,630 INFO  [main] common.AbstractGenericService (AbstractGenericService.java:39) - Deleting Account with id 176
2016-03-29 17:36:46,741 INFO  [main] common.AbstractGenericService (AbstractGenericService.java:159) - Saving Account{id=null, login='MvjqUyc4MTGXSqcmdvtFrwzO8', email='r98CwCJlxX0I38Cje5UgEHrOw', password='XRvUBbV6QbUW59V6HzQIfCFIB', firstName='p2uS16qPIJI2KWWxqB5D7zRIg', lastName='3E2Lx7wBbTG4ccles8EbDQFp0', roles=null, jukebox='null'} into database
2016-03-29 17:36:46,795 INFO  [main] common.AbstractGenericService (AbstractGenericService.java:60) - Deleting all Account entities
2016-03-29 17:36:46,801 INFO  [main] common.AbstractGenericService (AbstractGenericService.java:148) - Saving Account sequence into database
2016-03-29 17:36:46,861 INFO  [main] common.AbstractGenericService (AbstractGenericService.java:159) - Saving Account{id=null, login='pf3hJ1mG6u8CCcIsFPLapVTsR', email='ZtNd1wOtNvoOylHXZfpNVyx2G', password='3JOY56UQinFnvtvjEodSKI19O', firstName='XczkXO2DLY5PbGJtBxccDRV8o', lastName='EohkFDQh3uKcMl9x3nxsQH7pl', roles=null, jukebox='null'} into database
2016-03-29 17:36:46,871 INFO  [main] common.AbstractGenericService (AbstractGenericService.java:170) - Saving Account{id=178, login='pf3hJ1mG6u8CCcIsFPLapVTsR', email='ZtNd1wOtNvoOylHXZfpNVyx2G', password='3JOY56UQinFnvtvjEodSKI19O', firstName='XczkXO2DLY5PbGJtBxccDRV8o', lastName='EohkFDQh3uKcMl9x3nxsQH7pl', roles=null, jukebox='null'} into database and flushing
2016-03-29 17:36:46,984 INFO  [main] common.AbstractGenericService (AbstractGenericService.java:46) - Deleting Account sequence
2016-03-29 17:36:47,043 INFO  [main] common.AbstractGenericService (AbstractGenericService.java:159) - Saving Account{id=null, login='BADblB9VsWdmu50863g6roh7m', email='8DBi09dUDikQe3vYwFwI94YB9', password='VpXxyzdCup2yAfnM2svnXFzK2', firstName='B8W2YOJfMTQMUQH4hAKVdqRUB', lastName='elfztr8v7VEZE2t4ETtUfB0xr', roles=null, jukebox='null'} into database
2016-03-29 17:36:47,101 INFO  [main] common.AbstractGenericService (AbstractGenericService.java:159) - Saving Account{id=null, login='bmpfghbxcIzpMgAVCzsPE7nQM', email='xqrQhKDCJZplt0FfFnWde5iWP', password='GtGvOCLWqnkWgB3CBjgzDAuNO', firstName='WHwU97A9t60gV80IDA8dfjRSh', lastName='SObZtuCS9wOJaj6qBMtHxSBiH', roles=null, jukebox='null'} into database
2016-03-29 17:36:47,120 INFO  [main] common.AbstractGenericService (AbstractGenericService.java:53) - Deleting Account{id=180, login='bmpfghbxcIzpMgAVCzsPE7nQM', email='xqrQhKDCJZplt0FfFnWde5iWP', password='GtGvOCLWqnkWgB3CBjgzDAuNO', firstName='WHwU97A9t60gV80IDA8dfjRSh', lastName='SObZtuCS9wOJaj6qBMtHxSBiH', roles=null, jukebox='null'}
2016-03-29 17:36:47,183 INFO  [main] common.AbstractGenericService (AbstractGenericService.java:148) - Saving Account sequence into database
2016-03-29 17:36:47,186 INFO  [main] common.AbstractGenericService (AbstractGenericService.java:74) - Deleting all Account entities in batch
2016-03-29 17:36:47,252 INFO  [main] common.AbstractGenericService (AbstractGenericService.java:46) - Deleting Account sequence
2016-03-29 17:36:47,303 INFO  [main] common.AbstractGenericService (AbstractGenericService.java:159) - Saving Account{id=null, login='5NjkHcQf89PnYeXnPsIo1qDF0', email='HDPC4zrBPKfgE9C9L2py5iCUL', password='a4vWzYzAIltC2SPbDLJoepjVI', firstName='6CsnZVwKRrEQA9fMeq7GjNAce', lastName='vi3JpG0xX40IgiGrHgUtu0RAO', roles=null, jukebox='null'} into database
2016-03-29 17:36:47,473 INFO  [main] common.AbstractGenericService (AbstractGenericService.java:159) - Saving Album{id=null, name='vggXdBf4qECLJtH1MC0e0Y15H', year='7mGj3OyxHlLLjXKDewpmSR5Qr', band='lxIR9Jh8LL2IKQQjOLW8IsMgW', tracks=null, description='null'} into database
2016-03-29 17:36:47,481 INFO  [main] impl.AlbumServiceImpl (AlbumServiceImpl.java:21) - Finding Album entity with name = vggXdBf4qECLJtH1MC0e0Y15H
2016-03-29 17:36:47,550 INFO  [main] common.AbstractGenericService (AbstractGenericService.java:148) - Saving Album sequence into database
2016-03-29 17:36:47,560 INFO  [main] common.AbstractGenericService (AbstractGenericService.java:46) - Deleting Album sequence
2016-03-29 17:36:47,603 INFO  [main] common.AbstractGenericService (AbstractGenericService.java:148) - Saving Album sequence into database
2016-03-29 17:36:47,625 INFO  [main] common.AbstractGenericService (AbstractGenericService.java:159) - Saving Album{id=null, name='Qpkv3LgK5mTyFqz3TIEYzR6Gv', year='6nqeXcX2ljPlo0Q2jXhBMlMc5', band='wR8JSatXchADdGQFzkK8wHEyK', tracks=null, description='null'} into database
2016-03-29 17:36:47,636 INFO  [main] common.AbstractGenericService (AbstractGenericService.java:67) - Deleting all Album entities in batch
2016-03-29 17:36:47,709 INFO  [main] common.AbstractGenericService (AbstractGenericService.java:148) - Saving Album sequence into database
2016-03-29 17:36:47,732 INFO  [main] common.AbstractGenericService (AbstractGenericService.java:159) - Saving Album{id=null, name='IKMDPhWvqq1d7OQKKfdoazyre', year='euVSXU2TnGqaWOtL1CejSg8uP', band='Mjct7lUZ45ibAbYcNlDNR2b6T', tracks=null, description='null'} into database
2016-03-29 17:36:47,744 INFO  [main] common.AbstractGenericService (AbstractGenericService.java:60) - Deleting all Album entities
2016-03-29 17:36:47,807 INFO  [main] common.AbstractGenericService (AbstractGenericService.java:159) - Saving Album{id=null, name='iF5foA6mOu0QQTsphlqS2dvTp', year='np7wYMSCerZCz4VGvum9utTeD', band='MRGPmsoyb0CHCDbeEmg4Kl2Ri', tracks=null, description='null'} into database
2016-03-29 17:36:47,856 INFO  [main] common.AbstractGenericService (AbstractGenericService.java:159) - Saving Album{id=null, name='26nWSrKStMgcXR4T7YFYd3G8M', year='X334Nv8t9sdync2ChuWKfuCrO', band='OG5Ga6sERg8QWaodLrm9uKmom', tracks=null, description='null'} into database
2016-03-29 17:36:47,862 INFO  [main] common.AbstractGenericService (AbstractGenericService.java:39) - Deleting Album with id 287
2016-03-29 17:36:47,925 INFO  [main] common.AbstractGenericService (AbstractGenericService.java:159) - Saving Album{id=null, name='YBlb6g0Kfmgdu8SLa84YKitXh', year='zrL8kpjHMoJNZKaCoAhdKD9A3', band='rsijq93rjZ33YNOdHlJSw9bbp', tracks=null, description='null'} into database
2016-03-29 17:36:47,985 INFO  [main] common.AbstractGenericService (AbstractGenericService.java:60) - Deleting all Album entities
2016-03-29 17:36:47,990 INFO  [main] common.AbstractGenericService (AbstractGenericService.java:148) - Saving Album sequence into database
2016-03-29 17:36:48,019 INFO  [main] common.AbstractGenericService (AbstractGenericService.java:159) - Saving Album{id=null, name='G9jQdb1zAGEFgEOuTBkoiKYw1', year='csdTCjWWeiQKSDN62UdWcDpuO', band='GE3YbRMxli0GbQJczfkvcuXwP', tracks=null, description='null'} into database
2016-03-29 17:36:48,024 INFO  [main] common.AbstractGenericService (AbstractGenericService.java:170) - Saving Album{id=289, name='G9jQdb1zAGEFgEOuTBkoiKYw1', year='csdTCjWWeiQKSDN62UdWcDpuO', band='GE3YbRMxli0GbQJczfkvcuXwP', tracks=null, description='null'} into database and flushing
2016-03-29 17:36:48,110 INFO  [main] common.AbstractGenericService (AbstractGenericService.java:46) - Deleting Album sequence
2016-03-29 17:36:48,147 INFO  [main] common.AbstractGenericService (AbstractGenericService.java:159) - Saving Album{id=null, name='pltauiiJd1E5wtK5EhbwPnIQE', year='5MpcCUR3xAcRJsJ3XRr0TrjAD', band='KhEcTPqNY2UDTvXxZCz46LgxD', tracks=null, description='null'} into database
2016-03-29 17:36:48,182 INFO  [main] common.AbstractGenericService (AbstractGenericService.java:159) - Saving Album{id=null, name='PjeJ54dGeqdbfXA2gnLdv19Ik', year='O18x6AS62zuCzzsSM0ZafyaSB', band='wUD58pevZWIh64YzQJ7vQFHLE', tracks=null, description='null'} into database
2016-03-29 17:36:48,195 INFO  [main] common.AbstractGenericService (AbstractGenericService.java:53) - Deleting Album{id=291, name='PjeJ54dGeqdbfXA2gnLdv19Ik', year='O18x6AS62zuCzzsSM0ZafyaSB', band='wUD58pevZWIh64YzQJ7vQFHLE', tracks=null, description='null'}
2016-03-29 17:36:48,254 INFO  [main] common.AbstractGenericService (AbstractGenericService.java:148) - Saving Album sequence into database
2016-03-29 17:36:48,258 INFO  [main] common.AbstractGenericService (AbstractGenericService.java:74) - Deleting all Album entities in batch
2016-03-29 17:36:48,304 INFO  [main] common.AbstractGenericService (AbstractGenericService.java:46) - Deleting Album sequence
2016-03-29 17:36:48,352 INFO  [main] common.AbstractGenericService (AbstractGenericService.java:159) - Saving Album{id=null, name='ZXCICMO31MsTJEzHTfUCn81YL', year='Zk6YmQTo0E2E4waveQEjf8Gnk', band='Et8YAxmwfWmLv7mZxrfNZahMM', tracks=null, description='null'} into database
2016-03-29 17:36:48,665 INFO  [main] common.AbstractGenericService (AbstractGenericService.java:148) - Saving Band sequence into database
2016-03-29 17:36:48,678 INFO  [main] common.AbstractGenericService (AbstractGenericService.java:46) - Deleting Band sequence
2016-03-29 17:36:48,719 INFO  [main] common.AbstractGenericService (AbstractGenericService.java:148) - Saving Band sequence into database
2016-03-29 17:36:48,750 INFO  [main] common.AbstractGenericService (AbstractGenericService.java:159) - Saving Band{id=null, name='0GN7Wf8zTdfdERO27rv2FXI1F', members=null, albums=null, year='heCyHlIPnKuQr8WoT9tFbK40O', description='null'} into database
2016-03-29 17:36:48,772 INFO  [main] common.AbstractGenericService (AbstractGenericService.java:67) - Deleting all Band entities in batch
2016-03-29 17:36:48,877 INFO  [main] common.AbstractGenericService (AbstractGenericService.java:148) - Saving Band sequence into database
2016-03-29 17:36:48,908 INFO  [main] common.AbstractGenericService (AbstractGenericService.java:159) - Saving Band{id=null, name='MQeNIcMNNwmckCO7DyYoNbcOG', members=null, albums=null, year='hiWebvZr1OKp8oNE2vWFkaoqY', description='null'} into database
2016-03-29 17:36:48,913 INFO  [main] common.AbstractGenericService (AbstractGenericService.java:60) - Deleting all Band entities
2016-03-29 17:36:48,986 INFO  [main] common.AbstractGenericService (AbstractGenericService.java:159) - Saving Band{id=null, name='uZj4HLySDsaPlMnLu2ghM457X', members=null, albums=null, year='WrUcpSPMkkz5Wg6sWlAYcSMVH', description='null'} into database
2016-03-29 17:36:49,038 INFO  [main] common.AbstractGenericService (AbstractGenericService.java:159) - Saving Band{id=null, name='mtqbl0GqA6cmTAwP3U1uT3mON', members=null, albums=null, year='3j0Hg8U37MAtfQP9smnemaPtM', description='null'} into database
2016-03-29 17:36:49,050 INFO  [main] common.AbstractGenericService (AbstractGenericService.java:39) - Deleting Band with id 157
2016-03-29 17:36:49,125 INFO  [main] common.AbstractGenericService (AbstractGenericService.java:159) - Saving Band{id=null, name='sySLXDj2bTzAPtQCSPsNLr3yd', members=null, albums=null, year='sNBKYdXF5eyFphuxVRF3V3aBM', description='null'} into database
2016-03-29 17:36:49,181 INFO  [main] common.AbstractGenericService (AbstractGenericService.java:60) - Deleting all Band entities
2016-03-29 17:36:49,187 INFO  [main] common.AbstractGenericService (AbstractGenericService.java:148) - Saving Band sequence into database
2016-03-29 17:36:49,231 INFO  [main] common.AbstractGenericService (AbstractGenericService.java:159) - Saving Band{id=null, name='vbkfwqaEnE7HsNdxrJ4Z2ByPc', members=null, albums=null, year='tZbgqxV8r3kHIoHaPzyD4S7Tm', description='null'} into database
2016-03-29 17:36:49,239 INFO  [main] common.AbstractGenericService (AbstractGenericService.java:170) - Saving Band{id=159, name='vbkfwqaEnE7HsNdxrJ4Z2ByPc', members=null, albums=null, year='tZbgqxV8r3kHIoHaPzyD4S7Tm', description='null'} into database and flushing
2016-03-29 17:36:49,329 INFO  [main] common.AbstractGenericService (AbstractGenericService.java:46) - Deleting Band sequence
2016-03-29 17:36:49,392 INFO  [main] common.AbstractGenericService (AbstractGenericService.java:159) - Saving Band{id=null, name='NNXZECyj0syaDvNQwoF7AJTQK', members=null, albums=null, year='MGCT3mB83gNe8jlGI2ziAVCQO', description='null'} into database
2016-03-29 17:36:49,429 INFO  [main] common.AbstractGenericService (AbstractGenericService.java:159) - Saving Band{id=null, name='6jdy6DqfCCIKYAktLaQX3MNqg', members=null, albums=null, year='LU4nZVnB9C9SsszEDbtHtOeQ9', description='null'} into database
2016-03-29 17:36:49,434 INFO  [main] common.AbstractGenericService (AbstractGenericService.java:53) - Deleting Band{id=161, name='6jdy6DqfCCIKYAktLaQX3MNqg', members=null, albums=null, year='LU4nZVnB9C9SsszEDbtHtOeQ9', description='null'}
2016-03-29 17:36:49,471 INFO  [main] common.AbstractGenericService (AbstractGenericService.java:148) - Saving Band sequence into database
2016-03-29 17:36:49,473 INFO  [main] common.AbstractGenericService (AbstractGenericService.java:74) - Deleting all Band entities in batch
2016-03-29 17:36:49,507 INFO  [main] common.AbstractGenericService (AbstractGenericService.java:46) - Deleting Band sequence
2016-03-29 17:36:49,535 INFO  [main] common.AbstractGenericService (AbstractGenericService.java:159) - Saving Band{id=null, name='SSy6Mgr05RSRhHxW6fbuNACyN', members=null, albums=null, year='jVF1WypzvptV8TicfpdJXCNIg', description='null'} into database
2016-03-29 17:36:49,714 INFO  [main] common.AbstractGenericService (AbstractGenericService.java:148) - Saving Genre sequence into database
2016-03-29 17:36:49,727 INFO  [main] common.AbstractGenericService (AbstractGenericService.java:46) - Deleting Genre sequence
2016-03-29 17:36:49,765 INFO  [main] common.AbstractGenericService (AbstractGenericService.java:148) - Saving Genre sequence into database
2016-03-29 17:36:49,806 INFO  [main] common.AbstractGenericService (AbstractGenericService.java:159) - Saving Genre{id=null, name='Fh6nYhmweKuHHxTzlSaxudrVF'} into database
2016-03-29 17:36:49,826 INFO  [main] common.AbstractGenericService (AbstractGenericService.java:67) - Deleting all Genre entities in batch
2016-03-29 17:36:49,917 INFO  [main] common.AbstractGenericService (AbstractGenericService.java:148) - Saving Genre sequence into database
2016-03-29 17:36:49,967 INFO  [main] common.AbstractGenericService (AbstractGenericService.java:159) - Saving Genre{id=null, name='InJy93lw8UjtWyMuGtFkHWlzl'} into database
2016-03-29 17:36:49,972 INFO  [main] common.AbstractGenericService (AbstractGenericService.java:60) - Deleting all Genre entities
2016-03-29 17:36:50,034 INFO  [main] common.AbstractGenericService (AbstractGenericService.java:159) - Saving Genre{id=null, name='UnauxqZEc79JIIjxWrGQq7ZAU'} into database
2016-03-29 17:36:50,081 INFO  [main] common.AbstractGenericService (AbstractGenericService.java:159) - Saving Genre{id=null, name='dRTZU59dxCLolqBQ9QngfxOei'} into database
2016-03-29 17:36:50,095 INFO  [main] common.AbstractGenericService (AbstractGenericService.java:39) - Deleting Genre with id 706
2016-03-29 17:36:50,166 INFO  [main] common.AbstractGenericService (AbstractGenericService.java:159) - Saving Genre{id=null, name='TNOsLn4MPhJU0JqGBozyrOsQo'} into database
2016-03-29 17:36:50,212 INFO  [main] common.AbstractGenericService (AbstractGenericService.java:60) - Deleting all Genre entities
2016-03-29 17:36:50,219 INFO  [main] common.AbstractGenericService (AbstractGenericService.java:148) - Saving Genre sequence into database
2016-03-29 17:36:50,265 INFO  [main] common.AbstractGenericService (AbstractGenericService.java:159) - Saving Genre{id=null, name='kldYi3v6Q10WfPkiWg1ZDseAv'} into database
2016-03-29 17:36:50,269 INFO  [main] common.AbstractGenericService (AbstractGenericService.java:170) - Saving Genre{id=708, name='kldYi3v6Q10WfPkiWg1ZDseAv'} into database and flushing
2016-03-29 17:36:50,332 INFO  [main] common.AbstractGenericService (AbstractGenericService.java:46) - Deleting Genre sequence
2016-03-29 17:36:50,364 INFO  [main] common.AbstractGenericService (AbstractGenericService.java:159) - Saving Genre{id=null, name='zm2NDjzhbDGik58V1WAmz0mNL'} into database
2016-03-29 17:36:50,404 INFO  [main] common.AbstractGenericService (AbstractGenericService.java:159) - Saving Genre{id=null, name='iUienlpbqm8R2XK9WFxSfmp6s'} into database
2016-03-29 17:36:50,408 INFO  [main] common.AbstractGenericService (AbstractGenericService.java:53) - Deleting Genre{id=710, name='iUienlpbqm8R2XK9WFxSfmp6s'}
2016-03-29 17:36:50,458 INFO  [main] common.AbstractGenericService (AbstractGenericService.java:148) - Saving Genre sequence into database
2016-03-29 17:36:50,461 INFO  [main] common.AbstractGenericService (AbstractGenericService.java:74) - Deleting all Genre entities in batch
2016-03-29 17:36:50,523 INFO  [main] common.AbstractGenericService (AbstractGenericService.java:46) - Deleting Genre sequence
2016-03-29 17:36:50,579 INFO  [main] common.AbstractGenericService (AbstractGenericService.java:159) - Saving Genre{id=null, name='BMkm19gF0LhU4VTUc6rn6i54i'} into database
2016-03-29 17:36:50,703 INFO  [main] common.AbstractGenericService (AbstractGenericService.java:148) - Saving Jukebox sequence into database
2016-03-29 17:36:50,712 INFO  [main] common.AbstractGenericService (AbstractGenericService.java:46) - Deleting Jukebox sequence
2016-03-29 17:36:50,747 INFO  [main] common.AbstractGenericService (AbstractGenericService.java:148) - Saving Jukebox sequence into database
2016-03-29 17:36:50,781 INFO  [main] common.AbstractGenericService (AbstractGenericService.java:159) - Saving Jukebox{id=null, tracks=null} into database
2016-03-29 17:36:50,798 INFO  [main] common.AbstractGenericService (AbstractGenericService.java:67) - Deleting all Jukebox entities in batch
2016-03-29 17:36:50,869 INFO  [main] common.AbstractGenericService (AbstractGenericService.java:148) - Saving Jukebox sequence into database
2016-03-29 17:36:50,899 INFO  [main] common.AbstractGenericService (AbstractGenericService.java:159) - Saving Jukebox{id=null, tracks=null} into database
2016-03-29 17:36:50,903 INFO  [main] common.AbstractGenericService (AbstractGenericService.java:60) - Deleting all Jukebox entities
2016-03-29 17:36:51,262 INFO  [main] common.AbstractGenericService (AbstractGenericService.java:159) - Saving Jukebox{id=null, tracks=null} into database
2016-03-29 17:36:51,284 INFO  [main] common.AbstractGenericService (AbstractGenericService.java:159) - Saving Jukebox{id=null, tracks=null} into database
2016-03-29 17:36:51,290 INFO  [main] common.AbstractGenericService (AbstractGenericService.java:39) - Deleting Jukebox with id 459
2016-03-29 17:36:51,344 INFO  [main] common.AbstractGenericService (AbstractGenericService.java:159) - Saving Jukebox{id=null, tracks=null} into database
2016-03-29 17:36:51,392 INFO  [main] common.AbstractGenericService (AbstractGenericService.java:60) - Deleting all Jukebox entities
2016-03-29 17:36:51,396 INFO  [main] common.AbstractGenericService (AbstractGenericService.java:148) - Saving Jukebox sequence into database
2016-03-29 17:36:51,430 INFO  [main] common.AbstractGenericService (AbstractGenericService.java:159) - Saving Jukebox{id=null, tracks=null} into database
2016-03-29 17:36:51,438 INFO  [main] common.AbstractGenericService (AbstractGenericService.java:170) - Saving Jukebox{id=461, tracks=null} into database and flushing
2016-03-29 17:36:51,501 INFO  [main] common.AbstractGenericService (AbstractGenericService.java:46) - Deleting Jukebox sequence
2016-03-29 17:36:51,540 INFO  [main] common.AbstractGenericService (AbstractGenericService.java:159) - Saving Jukebox{id=null, tracks=null} into database
2016-03-29 17:36:51,583 INFO  [main] common.AbstractGenericService (AbstractGenericService.java:159) - Saving Jukebox{id=null, tracks=null} into database
2016-03-29 17:36:51,590 INFO  [main] common.AbstractGenericService (AbstractGenericService.java:53) - Deleting Jukebox{id=463, tracks=null}
2016-03-29 17:36:51,629 INFO  [main] common.AbstractGenericService (AbstractGenericService.java:148) - Saving Jukebox sequence into database
2016-03-29 17:36:51,633 INFO  [main] common.AbstractGenericService (AbstractGenericService.java:74) - Deleting all Jukebox entities in batch
2016-03-29 17:36:51,657 INFO  [main] common.AbstractGenericService (AbstractGenericService.java:46) - Deleting Jukebox sequence
2016-03-29 17:36:51,681 INFO  [main] common.AbstractGenericService (AbstractGenericService.java:159) - Saving Jukebox{id=null, tracks=null} into database
2016-03-29 17:36:51,751 INFO  [main] common.AbstractGenericService (AbstractGenericService.java:148) - Saving Role sequence into database
2016-03-29 17:36:51,761 INFO  [main] common.AbstractGenericService (AbstractGenericService.java:159) - Saving Account{id=null, login='vsLSNhUFWg0IOV31aeZ2viEhG', email='OOU85xk1zuugrNRD6AmF9XkrT', password='yCKE33SuIyFsqGHA1sc0BCzLn', firstName='8j7O36bQ8K751YJRuSE9OkQFI', lastName='9jR53I8F0RwJ2AVfFHIU0y41g', roles=[Role{id=224, name='ROLE_USER'}], jukebox='null'} into database
2016-03-29 17:36:51,931 INFO  [main] common.AbstractGenericService (AbstractGenericService.java:159) - Saving Member{id=null, firstName='j4xCFETEIRaiyRB4wiKmJUqR9', lastName='5o4IcusKY2ZY5pnmJAogocGdP', biography='null'} into database
2016-03-29 17:36:51,938 INFO  [main] impl.MemberServiceImpl (MemberServiceImpl.java:23) - Finding Member entity with name = j4xCFETEIRaiyRB4wiKmJUqR9
2016-03-29 17:36:51,985 INFO  [main] common.AbstractGenericService (AbstractGenericService.java:148) - Saving Member sequence into database
2016-03-29 17:36:51,999 INFO  [main] common.AbstractGenericService (AbstractGenericService.java:46) - Deleting Member sequence
2016-03-29 17:36:52,019 INFO  [main] common.AbstractGenericService (AbstractGenericService.java:148) - Saving Member sequence into database
2016-03-29 17:36:52,038 INFO  [main] common.AbstractGenericService (AbstractGenericService.java:159) - Saving Member{id=null, firstName='sCdaIicEnciaQoOeJI21CA1Kk', lastName='rG6nDxvZXeAWmMOCv5cQS4lIF', biography='null'} into database
2016-03-29 17:36:52,046 INFO  [main] common.AbstractGenericService (AbstractGenericService.java:67) - Deleting all Member entities in batch
2016-03-29 17:36:52,113 INFO  [main] common.AbstractGenericService (AbstractGenericService.java:148) - Saving Member sequence into database
2016-03-29 17:36:52,133 INFO  [main] common.AbstractGenericService (AbstractGenericService.java:159) - Saving Member{id=null, firstName='lzHIWbJEw6cc7uBPPEPM3s2xs', lastName='ZK8VSEguU7B3iPipNpphM1Pgs', biography='null'} into database
2016-03-29 17:36:52,137 INFO  [main] common.AbstractGenericService (AbstractGenericService.java:60) - Deleting all Member entities
2016-03-29 17:36:52,204 INFO  [main] common.AbstractGenericService (AbstractGenericService.java:159) - Saving Member{id=null, firstName='RpDgtsjWGiJA6pZZyDE0vWHxO', lastName='0cduyZ4Ca4WsaDHev6pwS8yqW', biography='null'} into database
2016-03-29 17:36:52,264 INFO  [main] common.AbstractGenericService (AbstractGenericService.java:159) - Saving Member{id=null, firstName='U0zGJJKQeOd511zFP5R5pFYci', lastName='xybfE0zsYnuKDRhjMP38lE04R', biography='null'} into database
2016-03-29 17:36:52,273 INFO  [main] common.AbstractGenericService (AbstractGenericService.java:39) - Deleting Member with id 287
2016-03-29 17:36:52,338 INFO  [main] common.AbstractGenericService (AbstractGenericService.java:159) - Saving Member{id=null, firstName='HdyPLigyzSsv0XJeXkyUBQUiZ', lastName='kx64RojgcSBjb71MqVu8WWInN', biography='null'} into database
2016-03-29 17:36:52,398 INFO  [main] common.AbstractGenericService (AbstractGenericService.java:60) - Deleting all Member entities
2016-03-29 17:36:52,401 INFO  [main] common.AbstractGenericService (AbstractGenericService.java:148) - Saving Member sequence into database
2016-03-29 17:36:52,440 INFO  [main] common.AbstractGenericService (AbstractGenericService.java:159) - Saving Member{id=null, firstName='8eNLW1CmZoBQzW7WgK1IDcBA9', lastName='ZeX6PUJIvjZ6Y6hQwyqIylU58', biography='null'} into database
2016-03-29 17:36:52,450 INFO  [main] common.AbstractGenericService (AbstractGenericService.java:170) - Saving Member{id=289, firstName='8eNLW1CmZoBQzW7WgK1IDcBA9', lastName='ZeX6PUJIvjZ6Y6hQwyqIylU58', biography='null'} into database and flushing
2016-03-29 17:36:52,502 INFO  [main] common.AbstractGenericService (AbstractGenericService.java:46) - Deleting Member sequence
2016-03-29 17:36:52,531 INFO  [main] common.AbstractGenericService (AbstractGenericService.java:159) - Saving Member{id=null, firstName='7eRpKi4ILIjdAIdFsNaeJaKAn', lastName='l5y5Z0pZSmr5X8ms7yavbVGGI', biography='null'} into database
2016-03-29 17:36:52,563 INFO  [main] common.AbstractGenericService (AbstractGenericService.java:159) - Saving Member{id=null, firstName='HD7s4bhi7sxSUxpwXnfRLRpna', lastName='RtjrsxQFegjTGbyVrI1hHekCY', biography='null'} into database
2016-03-29 17:36:52,610 INFO  [main] common.AbstractGenericService (AbstractGenericService.java:53) - Deleting Member{id=291, firstName='HD7s4bhi7sxSUxpwXnfRLRpna', lastName='RtjrsxQFegjTGbyVrI1hHekCY', biography='null'}
2016-03-29 17:36:52,650 INFO  [main] common.AbstractGenericService (AbstractGenericService.java:148) - Saving Member sequence into database
2016-03-29 17:36:52,661 INFO  [main] common.AbstractGenericService (AbstractGenericService.java:74) - Deleting all Member entities in batch
2016-03-29 17:36:52,705 INFO  [main] common.AbstractGenericService (AbstractGenericService.java:46) - Deleting Member sequence
2016-03-29 17:36:52,729 INFO  [main] common.AbstractGenericService (AbstractGenericService.java:159) - Saving Member{id=null, firstName='SbPYthuPRXUBwM9XF0yw7eApE', lastName='74dRL3M6ZKXiDGSmwNh7rQyJ6', biography='null'} into database
2016-03-29 17:36:52,861 INFO  [main] common.AbstractGenericService (AbstractGenericService.java:148) - Saving Role sequence into database
2016-03-29 17:36:52,863 INFO  [main] common.AbstractGenericService (AbstractGenericService.java:46) - Deleting Role sequence
2016-03-29 17:36:52,896 INFO  [main] common.AbstractGenericService (AbstractGenericService.java:148) - Saving Role sequence into database
2016-03-29 17:36:52,925 INFO  [main] common.AbstractGenericService (AbstractGenericService.java:159) - Saving Role{id=null, name='gPLpYNEDTOlwCwtVb87ZwPZoG'} into database
2016-03-29 17:36:52,939 INFO  [main] common.AbstractGenericService (AbstractGenericService.java:67) - Deleting all Role entities in batch
2016-03-29 17:36:52,991 INFO  [main] common.AbstractGenericService (AbstractGenericService.java:148) - Saving Role sequence into database
2016-03-29 17:36:53,028 INFO  [main] common.AbstractGenericService (AbstractGenericService.java:159) - Saving Role{id=null, name='dJfapG5Vw6Xo80AKZTGPoBRIE'} into database
2016-03-29 17:36:53,038 INFO  [main] common.AbstractGenericService (AbstractGenericService.java:60) - Deleting all Role entities
2016-03-29 17:36:53,106 INFO  [main] common.AbstractGenericService (AbstractGenericService.java:159) - Saving Role{id=null, name='Co0KA7CwMFKQUkEy4oNoqQfOh'} into database
2016-03-29 17:36:53,152 INFO  [main] common.AbstractGenericService (AbstractGenericService.java:159) - Saving Role{id=null, name='8zMhLNfXCm1Ykhxr9akAQ8A96'} into database
2016-03-29 17:36:53,156 INFO  [main] common.AbstractGenericService (AbstractGenericService.java:39) - Deleting Role with id 228
2016-03-29 17:36:53,207 INFO  [main] common.AbstractGenericService (AbstractGenericService.java:159) - Saving Role{id=null, name='vWz6SvoWjTovYRF9Pc5ROSiYx'} into database
2016-03-29 17:36:53,249 INFO  [main] common.AbstractGenericService (AbstractGenericService.java:60) - Deleting all Role entities
2016-03-29 17:36:53,252 INFO  [main] common.AbstractGenericService (AbstractGenericService.java:148) - Saving Role sequence into database
2016-03-29 17:36:53,287 INFO  [main] common.AbstractGenericService (AbstractGenericService.java:159) - Saving Role{id=null, name='XIqxfb24uGTdEQClPXQaCo8cs'} into database
2016-03-29 17:36:53,295 INFO  [main] common.AbstractGenericService (AbstractGenericService.java:170) - Saving Role{id=230, name='XIqxfb24uGTdEQClPXQaCo8cs'} into database and flushing
2016-03-29 17:36:53,358 INFO  [main] common.AbstractGenericService (AbstractGenericService.java:46) - Deleting Role sequence
2016-03-29 17:36:53,407 INFO  [main] common.AbstractGenericService (AbstractGenericService.java:159) - Saving Role{id=null, name='WcgnJwqs1XBScgrEeWQ93IPid'} into database
2016-03-29 17:36:53,440 INFO  [main] common.AbstractGenericService (AbstractGenericService.java:159) - Saving Role{id=null, name='csoRRtvaeD3oWAuFGwjQOT0fg'} into database
2016-03-29 17:36:53,445 INFO  [main] common.AbstractGenericService (AbstractGenericService.java:53) - Deleting Role{id=232, name='csoRRtvaeD3oWAuFGwjQOT0fg'}
2016-03-29 17:36:53,476 INFO  [main] common.AbstractGenericService (AbstractGenericService.java:148) - Saving Role sequence into database
2016-03-29 17:36:53,478 INFO  [main] common.AbstractGenericService (AbstractGenericService.java:74) - Deleting all Role entities in batch
2016-03-29 17:36:53,528 INFO  [main] common.AbstractGenericService (AbstractGenericService.java:46) - Deleting Role sequence
2016-03-29 17:36:53,559 INFO  [main] common.AbstractGenericService (AbstractGenericService.java:159) - Saving Role{id=null, name='uxkORtDDe3vAynauP25fPEXHf'} into database
2016-03-29 17:36:53,661 INFO  [main] common.AbstractGenericService (AbstractGenericService.java:148) - Saving Track sequence into database
2016-03-29 17:36:53,666 INFO  [main] common.AbstractGenericService (AbstractGenericService.java:46) - Deleting Track sequence
2016-03-29 17:36:53,696 INFO  [main] common.AbstractGenericService (AbstractGenericService.java:148) - Saving Track sequence into database
2016-03-29 17:36:53,743 INFO  [main] common.AbstractGenericService (AbstractGenericService.java:159) - Saving Track{id=null, name='Fk1heO8A6ukr2vfQq7QK3zej7', duration='KxiCrnCoLKXJdV8VTlY8IFi6G', genre=Genre{id=null, name='TB8Pk2I423Cn1Zblz217sjr67'}, album='sSrdkK4eXpAbe9LJOX1ww9hyq', band='krZAUafR8vDH4rPaWUlwM1b8Q', link='SfZEij4j5IIQrfh9CfgvNyRJq'} into database
2016-03-29 17:36:53,762 INFO  [main] common.AbstractGenericService (AbstractGenericService.java:67) - Deleting all Track entities in batch
2016-03-29 17:36:53,831 INFO  [main] common.AbstractGenericService (AbstractGenericService.java:148) - Saving Track sequence into database
2016-03-29 17:36:53,852 INFO  [main] common.AbstractGenericService (AbstractGenericService.java:159) - Saving Track{id=null, name='bWwSm4NWDhVBOtjxvMGNPbL4C', duration='INBLrxTtU8u0rYM1QRuUoJG2O', genre=Genre{id=null, name='7sq4V42ziGxIGliCiF9zNfPXf'}, album='lg4eYMpIYb8UiSun7rPHdIZyX', band='RaaLQXTaC331IwUOlSXt359gN', link='bPttHFHe5jJitGeqQAmjb99aX'} into database
2016-03-29 17:36:53,865 INFO  [main] common.AbstractGenericService (AbstractGenericService.java:60) - Deleting all Track entities
2016-03-29 17:36:53,922 INFO  [main] common.AbstractGenericService (AbstractGenericService.java:159) - Saving Track{id=null, name='69Ks3K8A2YAh5B8mmxbMQTCH7', duration='1zve4sQnghhlWQt92RQltKfSU', genre=Genre{id=null, name='IA39NmMKQXXePlnYdfI5fx3GG'}, album='Cc6xL0994ggzISj8vhpuAPVuI', band='dKnDI644PtR9hyfrSGIYZgHt6', link='OqKesNavIEY8h61u6s1bLOUik'} into database
2016-03-29 17:36:53,955 INFO  [main] common.AbstractGenericService (AbstractGenericService.java:159) - Saving Track{id=null, name='A6p0I0sY1v4NeKio4VfXreZL5', duration='dvk2RuUDE0Wip9tRkeY20N4Nz', genre=Genre{id=null, name='zYGDVMh9VfQnJcfQ2GwNrrMpP'}, album='UZCvYyCZL66lHEzYLgsHZxH6y', band='pFIPhoI9fGWNyyKlVk0SpyO8s', link='bkUtR1qt7M46B8Yf1WTJacV1S'} into database
2016-03-29 17:36:53,961 INFO  [main] common.AbstractGenericService (AbstractGenericService.java:39) - Deleting Track with id 418
2016-03-29 17:36:54,029 INFO  [main] common.AbstractGenericService (AbstractGenericService.java:159) - Saving Track{id=null, name='sz0l3iyq1jR9MIABdOFar7HS6', duration='E8IQ1MhoGC2GEzBSxwS7NKU7H', genre=Genre{id=null, name='2qbuVfpadKtL9KAvEWuiAYfyJ'}, album='LJHykG0Lc2NGocABHITyEOwkV', band='ikqxKazZ4d35rLSNCZ6p9zsaB', link='JC705qY50xLEU3PqxA76NnWDG'} into database
2016-03-29 17:36:54,082 INFO  [main] common.AbstractGenericService (AbstractGenericService.java:60) - Deleting all Track entities
2016-03-29 17:36:54,087 INFO  [main] common.AbstractGenericService (AbstractGenericService.java:148) - Saving Track sequence into database
2016-03-29 17:36:54,120 INFO  [main] common.AbstractGenericService (AbstractGenericService.java:159) - Saving Track{id=null, name='UDizXFjk4WfXjyoT6m81pof5m', duration='AiGhvSS2ctGXKC6Vjlc9BW15g', genre=Genre{id=null, name='rboZt5ViST6s4YfUtjXGh5Wj6'}, album='ccx6MDgTOv5DCJYJaYSI2aVuh', band='3GJxvTO6xZ0xdWJFNKLEwL7qE', link='hGdaZBkNEVnIcOtNB5qsN1E1w'} into database
2016-03-29 17:36:54,130 INFO  [main] common.AbstractGenericService (AbstractGenericService.java:170) - Saving Track{id=420, name='UDizXFjk4WfXjyoT6m81pof5m', duration='AiGhvSS2ctGXKC6Vjlc9BW15g', genre=Genre{id=717, name='rboZt5ViST6s4YfUtjXGh5Wj6'}, album='ccx6MDgTOv5DCJYJaYSI2aVuh', band='3GJxvTO6xZ0xdWJFNKLEwL7qE', link='hGdaZBkNEVnIcOtNB5qsN1E1w'} into database and flushing
2016-03-29 17:36:54,197 INFO  [main] common.AbstractGenericService (AbstractGenericService.java:46) - Deleting Track sequence
2016-03-29 17:36:54,245 INFO  [main] common.AbstractGenericService (AbstractGenericService.java:159) - Saving Track{id=null, name='997D4Hc38xGePH4lMRxtk2ica', duration='QIN6G4Z8XCffyv3YHkv3EDsua', genre=Genre{id=null, name='EDvzPL6uKHI9sRsDSme593izR'}, album='cvRBll7sol3pWi3tfqTzXRSFY', band='S96dVDuWrWCZF7MJbqcayHDdV', link='Ps775keWxpd1LPZWGuZ4BQ4Js'} into database
2016-03-29 17:36:54,286 INFO  [main] common.AbstractGenericService (AbstractGenericService.java:159) - Saving Track{id=null, name='mdRSPhYl3dzthNEKAa2dfVflL', duration='pUCeENephb9OPViSUPMWalHB3', genre=Genre{id=null, name='REluerJYV7iOUeVOpuWK721Qt'}, album='DtDMLbDOXGCZFPxgaH54jFvwe', band='U1ooiUNXO7meZUdgMLDPjRX6d', link='2tnHEm5USauduhiMzk3BZqPwG'} into database
2016-03-29 17:36:54,295 INFO  [main] common.AbstractGenericService (AbstractGenericService.java:53) - Deleting Track{id=422, name='mdRSPhYl3dzthNEKAa2dfVflL', duration='pUCeENephb9OPViSUPMWalHB3', genre=Genre{id=719, name='REluerJYV7iOUeVOpuWK721Qt'}, album='DtDMLbDOXGCZFPxgaH54jFvwe', band='U1ooiUNXO7meZUdgMLDPjRX6d', link='2tnHEm5USauduhiMzk3BZqPwG'}
2016-03-29 17:36:54,341 INFO  [main] common.AbstractGenericService (AbstractGenericService.java:148) - Saving Track sequence into database
2016-03-29 17:36:54,344 INFO  [main] common.AbstractGenericService (AbstractGenericService.java:74) - Deleting all Track entities in batch
2016-03-29 17:36:54,376 INFO  [main] common.AbstractGenericService (AbstractGenericService.java:46) - Deleting Track sequence
2016-03-29 17:36:54,418 INFO  [main] common.AbstractGenericService (AbstractGenericService.java:159) - Saving Track{id=null, name='3sgNSPwzgb5i1vxzeqCtKrQQ8', duration='VK30sI9mgcXp5wkcIzkESLFHO', genre=Genre{id=null, name='KIdI8sBu0X4LSpr7FWdwKf9PS'}, album='qyEbwKHj3ZPvkQeG4JNSrChmg', band='BayZs6wSEF3bcEeNW69y7m169', link='o2ShZlyiaxPiDNzFqJecQFbca'} into database
2016-03-29 17:36:54,481 INFO  [Thread-1] support.AbstractApplicationContext (AbstractApplicationContext.java:960) - Closing org.springframework.context.support.GenericApplicationContext@7c0c77c7: startup date [Tue Mar 29 17:36:35 MSK 2016]; root of context hierarchy
